Arguments: 
  /Users/uchimuraseita/.nodebrew/node/v8.13.0/bin/node /Users/uchimuraseita/.nodebrew/current/bin/yarn

PATH: 
  /Users/uchimuraseita/google-cloud-sdk/bin:/Users/uchimuraseita/.nodebrew/current/bin:/usr/local/bin:/usr/bin:/bin:/usr/sbin:/sbin:/Applications/Wireshark.app/Contents/MacOS:/Users/uchimuraseita/go/bin

Yarn version: 
  1.19.0

Node version: 
  8.13.0

Platform: 
  darwin x64

Trace: 
  SyntaxError: /Users/uchimuraseita/go/src/github.com/jphacks/TK_1907/smart-contract/package.json: Unexpected token } in JSON at position 524
      at JSON.parse (<anonymous>)
      at /Users/uchimuraseita/.nodebrew/node/v8.13.0/lib/node_modules/yarn/lib/cli.js:1625:59
      at Generator.next (<anonymous>)
      at step (/Users/uchimuraseita/.nodebrew/node/v8.13.0/lib/node_modules/yarn/lib/cli.js:304:30)
      at /Users/uchimuraseita/.nodebrew/node/v8.13.0/lib/node_modules/yarn/lib/cli.js:315:13
      at <anonymous>

npm manifest: 
  {
    "name": "smart-contract",
    "version": "1.0.0",
    "description": "",
    "main": "truffle-config.js",
    "directories": {
      "test": "test"
    },
    "dependencies": {
      "babel-polyfill": "^6.26.0",
      "chai": "^4.2.0",
      "ethereumjs-abi": "^0.6.7",
      "ethereumjs-util": "^6.1.0",
      "ganache-cli": "^6.7.0",
      "openzeppelin-solidity": "^2.3.0",
      "serve": "^6.4.1",
      "truffle": "^5.0.38",
      "truffle-hdwallet-provider": "^1.0.11"
    },
    "devDependencies": {},
    "scripts": {
      "test": "./scripts/test",
    },
    "author": "",
    "license": "ISC"
  }

yarn manifest: 
  No manifest

Lockfile: 
  # THIS IS AN AUTOGENERATED FILE. DO NOT EDIT THIS FILE DIRECTLY.
  # yarn lockfile v1
